# Fri Mar  6 08:52:10 2015
# Thread_id: 59318112  Schema: worldfin_finance  Last_errno: 0  Killed: 0
# Query_time: 3.405887  Lock_time: 0.000000  Rows_sent: 0  Rows_examined: 0  Rows_affected: 0  Rows_read: 0
# Bytes_sent: 11
use worldfin_finance;
SET timestamp=1425657130

# Fri Mar  6 08:52:10 2015
# Thread_id: 59318103  Schema: worldfin_finance  Last_errno: 0  Killed: 0
# Query_time: 3.425135  Lock_time: 0.000164  Rows_sent: 131  Rows_examined: 1568  Rows_affected: 0  Rows_read: 1568
# Bytes_sent: 5682
use worldfin_finance;
SET timestamp=1425657130;
select * from vCategory where sitekey='4x4' order by categdesc asc

# Fri Mar  6 08:52:10 2015
# Thread_id: 59318093  Schema: worldfin_finance  Last_errno: 0  Killed: 0
# Query_time: 3.763145  Lock_time: 0.000000  Rows_sent: 0  Rows_examined: 0  Rows_affected: 0  Rows_read: 0
# Bytes_sent: 11
use worldfin_finance;
SET timestamp=1425657130

# Fri Mar  6 08:52:20 2015
# Thread_id: 59318213  Schema: worldfin_finance  Last_errno: 0  Killed: 0
# Query_time: 1.996883  Lock_time: 0.003924  Rows_sent: 1  Rows_examined: 51  Rows_affected: 0  Rows_read: 51
# Bytes_sent: 1031
use worldfin_finance;
SET timestamp=1425657140;
select * from site_details where site_name='everythingaboutdisability'

